[debug] [2026-06-22T11:40:22.008Z] ----------------------------------------------------------------------
[debug] [2026-06-22T11:40:22.014Z] Command:       /usr/local/bin/node /usr/local/bin/firebase login --reauth --no-localhost --debug
[debug] [2026-06-22T11:40:22.014Z] CLI Version:   15.22.0
[debug] [2026-06-22T11:40:22.014Z] Platform:      darwin
[debug] [2026-06-22T11:40:22.014Z] Node Version:  v24.17.0
[debug] [2026-06-22T11:40:22.014Z] Detected Agent: unknown
[debug] [2026-06-22T11:40:22.014Z] Time:          Mon Jun 22 2026 20:40:22 GMT+0900 (Korean Standard Time)
[debug] [2026-06-22T11:40:22.014Z] ----------------------------------------------------------------------
[debug] 
[debug] [2026-06-22T11:40:22.101Z] >>> [apiv2][query] POST https://auth.firebase.tools/attest [none]
[debug] [2026-06-22T11:40:22.101Z] >>> [apiv2][body] POST https://auth.firebase.tools/attest {"session_id":"d347215b-109f-48ae-bc0c-4e228fd39a2f"}
[debug] [2026-06-22T11:40:22.772Z] <<< [apiv2][status] POST https://auth.firebase.tools/attest 200
[debug] [2026-06-22T11:40:22.772Z] <<< [apiv2][body] POST https://auth.firebase.tools/attest {"token":"ukXjDmAK7ew9e3ih5xjYUDEkNIRHPbOwLo7kWtp0ICM"}
[info] 
[info] To sign in to the Firebase CLI:
[info] 
[info] 1. Take note of your session ID:
[info] 
[info]    D3472
[info] 
[info] 2. Visit the URL below on any device and follow the instructions to get your code:
[info] 
[info]    https://auth.firebase.tools/login?code_challenge=BeWX0STBhvMKepw0Y7iS-M7KIgXm7Rq3-3FGWAejm20&session=d347215b-109f-48ae-bc0c-4e228fd39a2f&attest=ukXjDmAK7ew9e3ih5xjYUDEkNIRHPbOwLo7kWtp0ICM
[info] 
[info] 3. Paste or enter the authorization code below once you have it:
[info] 
[debug] [2026-06-22T11:40:40.125Z] >>> [apiv2][query] POST https://accounts.google.com/o/oauth2/token [none]
[debug] [2026-06-22T11:40:40.126Z] >>> [apiv2][body] POST https://accounts.google.com/o/oauth2/token [omitted]
[debug] [2026-06-22T11:40:40.333Z] Token Fetch Error: FirebaseError: FetchError: Invalid response body while trying to fetch https://accounts.google.com/o/oauth2/token: Premature close
    at RetryOperation._fn (/usr/local/lib/node_modules/firebase-tools/lib/apiv2.js:317:88)
    at process.processTicksAndRejections (node:internal/process/task_queues:104:5)
[error] Authentication Error: Your credentials are no longer valid. Please run firebase login --reauth

For CI servers and headless environments, generate a new token with firebase login:ci
[error] 
[error] Error: Unable to authenticate using the provided code. Please try again.
